<?xml version="1.0" encoding="UTF-8"?>
<testsuite name="TestSuite" time="317.026" tests="21" errors="0" skipped="0" failures="0">
  <properties>
    <property name="java.runtime.name" value="Java(TM) SE Runtime Environment"/>
    <property name="sun.boot.library.path" value="C:\Program Files\Java\jdk1.8.0_74\jre\bin"/>
    <property name="java.vm.version" value="25.74-b02"/>
    <property name="java.vm.vendor" value="Oracle Corporation"/>
    <property name="maven.multiModuleProjectDirectory" value="C:\Program Files (x86)\Jenkins\workspace\Excube360Final"/>
    <property name="java.vendor.url" value="http://java.oracle.com/"/>
    <property name="path.separator" value=";"/>
    <property name="guice.disable.misplaced.annotation.check" value="true"/>
    <property name="java.vm.name" value="Java HotSpot(TM) 64-Bit Server VM"/>
    <property name="file.encoding.pkg" value="sun.io"/>
    <property name="user.script" value=""/>
    <property name="user.country" value="IN"/>
    <property name="sun.java.launcher" value="SUN_STANDARD"/>
    <property name="sun.os.patch.level" value="Service Pack 1"/>
    <property name="java.vm.specification.name" value="Java Virtual Machine Specification"/>
    <property name="user.dir" value="D:\"/>
    <property name="java.runtime.version" value="1.8.0_74-b02"/>
    <property name="java.awt.graphicsenv" value="sun.awt.Win32GraphicsEnvironment"/>
    <property name="java.endorsed.dirs" value="C:\Program Files\Java\jdk1.8.0_74\jre\lib\endorsed"/>
    <property name="os.arch" value="amd64"/>
    <property name="java.io.tmpdir" value="C:\Windows\TEMP\"/>
    <property name="line.separator" value="&#10;"/>
    <property name="java.vm.specification.vendor" value="Oracle Corporation"/>
    <property name="user.variant" value=""/>
    <property name="os.name" value="Windows 7"/>
    <property name="classworlds.conf" value="C:\Program Files\apache-maven-3.5.0\bin\..\bin\m2.conf"/>
    <property name="sun.jnu.encoding" value="Cp1252"/>
    <property name="java.library.path" value="C:\Program Files\Java\jdk1.8.0_74\bin;C:\Windows\Sun\Java\bin;C:\Windows\system32;C:\Windows;C:\Program Files\apache-maven-3.5.0/bin;C:\Program Files\Java\jdk1.8.0_74/bin;C:\Program Files\Java\jdk1.8.0_74/bin;C:\Program Files (x86)\Skype\Phone\;;."/>
    <property name="maven.conf" value="C:\Program Files\apache-maven-3.5.0\bin\../conf"/>
    <property name="java.specification.name" value="Java Platform API Specification"/>
    <property name="java.class.version" value="52.0"/>
    <property name="sun.management.compiler" value="HotSpot 64-Bit Tiered Compilers"/>
    <property name="os.version" value="6.1"/>
    <property name="library.jansi.path" value="C:\Program Files\apache-maven-3.5.0\bin\..\lib\jansi-native\windows64"/>
    <property name="user.home" value="C:\Windows\system32\config\systemprofile"/>
    <property name="user.timezone" value="Asia/Calcutta"/>
    <property name="java.awt.printerjob" value="sun.awt.windows.WPrinterJob"/>
    <property name="java.specification.version" value="1.8"/>
    <property name="file.encoding" value="Cp1252"/>
    <property name="user.name" value="DELL-PC$"/>
    <property name="java.class.path" value="C:\Program Files\apache-maven-3.5.0\bin\..\boot\plexus-classworlds-2.5.2.jar"/>
    <property name="java.vm.specification.version" value="1.8"/>
    <property name="sun.arch.data.model" value="64"/>
    <property name="java.home" value="C:\Program Files\Java\jdk1.8.0_74\jre"/>
    <property name="sun.java.command" value="org.codehaus.plexus.classworlds.launcher.Launcher -f D:\Test\Excube360Final\pom.xml clean install"/>
    <property name="java.specification.vendor" value="Oracle Corporation"/>
    <property name="user.language" value="en"/>
    <property name="awt.toolkit" value="sun.awt.windows.WToolkit"/>
    <property name="java.vm.info" value="mixed mode"/>
    <property name="java.version" value="1.8.0_74"/>
    <property name="java.ext.dirs" value="C:\Program Files\Java\jdk1.8.0_74\jre\lib\ext;C:\Windows\Sun\Java\lib\ext"/>
    <property name="sun.boot.class.path" value="C:\Program Files\Java\jdk1.8.0_74\jre\lib\resources.jar;C:\Program Files\Java\jdk1.8.0_74\jre\lib\rt.jar;C:\Program Files\Java\jdk1.8.0_74\jre\lib\sunrsasign.jar;C:\Program Files\Java\jdk1.8.0_74\jre\lib\jsse.jar;C:\Program Files\Java\jdk1.8.0_74\jre\lib\jce.jar;C:\Program Files\Java\jdk1.8.0_74\jre\lib\charsets.jar;C:\Program Files\Java\jdk1.8.0_74\jre\lib\jfr.jar;C:\Program Files\Java\jdk1.8.0_74\jre\classes"/>
    <property name="java.vendor" value="Oracle Corporation"/>
    <property name="maven.home" value="C:\Program Files\apache-maven-3.5.0\bin\.."/>
    <property name="file.separator" value="\"/>
    <property name="java.vendor.url.bug" value="http://bugreport.sun.com/bugreport/"/>
    <property name="sun.cpu.endian" value="little"/>
    <property name="sun.io.unicode.encoding" value="UnicodeLittle"/>
    <property name="sun.desktop" value="windows"/>
    <property name="sun.cpu.isalist" value="amd64"/>
  </properties>
  <testcase name="CopyPaste" classname="com.test.excube360.TestCases.CopyPasteEnvironmentScan" time="7.25"/>
  <testcase name="CoupanCheck" classname="com.test.excube360.TestCases.ApplyCoupon" time="37.992"/>
  <testcase name="Reportbuy" classname="com.test.excube360.TestCases.BuyReport" time="12.027"/>
  <testcase name="No_Word_Search" classname="com.test.excube360.TestCases.SearchWithNoKeywords" time="0.415"/>
  <testcase name="LinkedinLogin" classname="com.test.excube360.TestCases.LinkedIn" time="7.535"/>
  <testcase name="LandingPageSearchTest" classname="com.test.excube360.TestCases.LandingPageSearch" time="21.998"/>
  <testcase name="Report" classname="com.test.excube360.TestCases.ReportTest" time="4.668"/>
  <testcase name="Five_Words_Search" classname="com.test.excube360.TestCases.SearchWithThreeKeywords" time="21.27"/>
  <testcase name="MyContentPageCheck" classname="com.test.excube360.TestCases.MyContent" time="2.725"/>
  <testcase name="Five_Words_Search" classname="com.test.excube360.TestCases.SearchWithTwoKeywords" time="17.212"/>
  <testcase name="ForgetPassword" classname="com.test.excube360.TestCases.ForgotPassword" time="20.273"/>
  <testcase name="Search" classname="com.test.excube360.TestCases.SearchWithoutLogin" time="36.179"/>
  <testcase name="ReportDownload" classname="com.test.excube360.TestCases.DownloadReport" time="26.473"/>
  <testcase name="Five_Words_Search" classname="com.test.excube360.TestCases.SearchWithFiveKeywords" time="10.498"/>
  <testcase name="ResultView" classname="com.test.excube360.TestCases.ViewResult" time="6.837"/>
  <testcase name="FbShairing" classname="com.test.excube360.TestCases.FBShare" time="24.03"/>
  <testcase name="HomePageSearchTest" classname="com.test.excube360.TestCases.LandingPageText" time="6.884"/>
  <testcase name="One_Word_Search" classname="com.test.excube360.TestCases.SearchWithOneKeyword" time="0.585"/>
  <testcase name="newRegisterTest" classname="com.test.excube360.TestCases.VarifyLogin" time="32.407"/>
  <testcase name="login" classname="com.test.excube360.TestCases.VarifyLogin" time="5.268"/>
  <testcase name="Five_Words_Search" classname="com.test.excube360.TestCases.SearchWithFourKeywords" time="14.5"/>
</testsuite>