<?xml version="1.0" encoding="UTF-8"?>
<!-- Generated by org.testng.reporters.JUnitReportReporter -->
<testsuite hostname="DELL-PC" name="com.test.excube360.TestCases.VarifyLogin" tests="2" failures="0" timestamp="16 Aug 2017 10:16:11 GMT" time="37.675" errors="0">
  <testcase name="login" time="5.267" classname="com.test.excube360.TestCases.VarifyLogin"/>
  <testcase name="newRegisterTest" time="32.408" classname="com.test.excube360.TestCases.VarifyLogin"/>
</testsuite> <!-- com.test.excube360.TestCases.VarifyLogin -->
