<?xml version="1.0" encoding="UTF-8"?>
<!-- Generated by org.testng.reporters.JUnitReportReporter -->
<testsuite hostname="DELL-PC" name="com.test.excube360.TestCases.ViewResult" tests="1" failures="0" timestamp="16 Aug 2017 10:16:11 GMT" time="6.838" errors="0">
  <testcase name="ResultView" time="6.838" classname="com.test.excube360.TestCases.ViewResult"/>
</testsuite> <!-- com.test.excube360.TestCases.ViewResult -->
