<?xml version="1.0" encoding="UTF-8"?>
<!-- Generated by org.testng.reporters.JUnitReportReporter -->
<testsuite hostname="DELL-PC" name="com.test.excube360.TestCases.DownloadReport" tests="1" failures="0" timestamp="16 Aug 2017 10:16:11 GMT" time="26.474" errors="0">
  <testcase name="ReportDownload" time="26.474" classname="com.test.excube360.TestCases.DownloadReport"/>
</testsuite> <!-- com.test.excube360.TestCases.DownloadReport -->
