<?xml version="1.0" encoding="UTF-8"?>
<!-- Generated by org.testng.reporters.JUnitReportReporter -->
<testsuite hostname="DELL-PC" name="com.test.excube360.TestCases.SearchWithThreeKeywords" tests="1" failures="0" timestamp="16 Aug 2017 10:16:11 GMT" time="21.272" errors="0">
  <testcase name="Five_Words_Search" time="21.272" classname="com.test.excube360.TestCases.SearchWithThreeKeywords"/>
</testsuite> <!-- com.test.excube360.TestCases.SearchWithThreeKeywords -->
