<?xml version="1.0" encoding="UTF-8"?>
<!-- Generated by org.testng.reporters.JUnitReportReporter -->
<testsuite hostname="DELL-PC" name="com.test.excube360.TestCases.SearchWithNoKeywords" tests="1" failures="0" timestamp="16 Aug 2017 10:16:11 GMT" time="0.415" errors="0">
  <testcase name="No_Word_Search" time="0.415" classname="com.test.excube360.TestCases.SearchWithNoKeywords"/>
</testsuite> <!-- com.test.excube360.TestCases.SearchWithNoKeywords -->
